<?xml version="1.0" encoding="UTF-8"?>
<!-- Generated by org.testng.reporters.JUnitReportReporter -->
<testsuite hostname="The-winter-soldier" failures="0" tests="5" name="testRunner.Runner" time="198.349" errors="0" timestamp="27 Feb 2024 05:09:59 GMT" skipped="0">
  <testcase classname="testRunner.Runner" name="runScenario" time="33.112"/>
  <testcase classname="testRunner.Runner" name="runScenario" time="81.099"/>
  <testcase classname="testRunner.Runner" name="runScenario" time="19.297"/>
  <testcase classname="testRunner.Runner" name="runScenario" time="27.843"/>
  <testcase classname="testRunner.Runner" name="runScenario" time="36.998"/>
</testsuite> <!-- testRunner.Runner -->
